<?xml version="1.0" encoding="UTF-8"?>
<testsuite name="org.procedural.DistanceAndDirectionCalculatorTest" tests="6" skipped="0" failures="0" errors="0" timestamp="2021-04-18T17:01:30" hostname="Shadayanis-MBP.Dlink" time="0.029">
  <properties/>
  <testcase name="twoPointsWithSameXAndYCoordinatesShouldHaveADistanceOfZero()" classname="org.procedural.DistanceAndDirectionCalculatorTest" time="0.02"/>
  <testcase name="distanceBetweenOriginAndPointsOnUnitCircleShouldBeOne()" classname="org.procedural.DistanceAndDirectionCalculatorTest" time="0.001"/>
  <testcase name="originAndPointOnNegativeXAxisShouldBePiRadiansAway()" classname="org.procedural.DistanceAndDirectionCalculatorTest" time="0.001"/>
  <testcase name="originAndPointOnPositiveXAxisShouldBeZeroRadiansAway()" classname="org.procedural.DistanceAndDirectionCalculatorTest" time="0.001"/>
  <testcase name="originAndPointOnYAxisShouldBeHalfPiRadiansAway()" classname="org.procedural.DistanceAndDirectionCalculatorTest" time="0.001"/>
  <testcase name="distanceBetweenTwoOppositePointsOnUnitCircleShouldBeTwo()" classname="org.procedural.DistanceAndDirectionCalculatorTest" time="0.001"/>
  <system-out><![CDATA[]]></system-out>
  <system-err><![CDATA[]]></system-err>
</testsuite>
